<?xml version="1.0" encoding="UTF-8"?>
<!-- Generated by org.testng.reporters.JUnitReportReporter -->
<testsuite hostname="LAPTOP-TM2QSR20" failures="0" tests="3" name="TestScenario.TestMethods_GoogleSearch" time="12.374" errors="0" timestamp="2024-01-23T14:58:06 IST" skipped="0">
  <testcase classname="TestScenario.TestMethods_GoogleSearch" name="SearchOperation" time="0.604"/>
  <system-out/>
  <testcase classname="TestScenario.TestMethods_GoogleSearch" name="VerifyandAccessFacebook" time="2.856"/>
  <system-out/>
  <testcase classname="TestScenario.TestMethods_GoogleSearch" name="VerifyLogin" time="8.914"/>
  <system-out/>
</testsuite> <!-- TestScenario.TestMethods_GoogleSearch -->
