<?xml version="1.0" encoding="UTF-8"?>
<!-- Generated by org.testng.reporters.JUnitReportReporter -->
<testsuite hostname="LAPTOP-TM2QSR20" failures="0" tests="3" name="TestScenario.TestMethods_GoogleSearch" time="14.625" errors="0" timestamp="2024-01-23T13:47:06 IST" skipped="0">
  <testcase classname="TestScenario.TestMethods_GoogleSearch" name="SearchOperation" time="0.490"/>
  <system-out/>
  <testcase classname="TestScenario.TestMethods_GoogleSearch" name="VerifyandAccessFacebook" time="5.379"/>
  <system-out/>
  <testcase classname="TestScenario.TestMethods_GoogleSearch" name="VerifyLogin" time="8.756"/>
  <system-out/>
</testsuite> <!-- TestScenario.TestMethods_GoogleSearch -->
